make all 
Building file: ../Software Specification/Source/main.c
Invoking: AVR Compiler
avr-gcc -Wall -g2 -gstabs -O0 -fpack-struct -fshort-enums -ffunction-sections -fdata-sections -std=gnu99 -funsigned-char -funsigned-bitfields -mmcu=atmega16 -DF_CPU=1000000UL -MMD -MP -MF"Software Specification/Source/main.d" -MT"Software\ Specification/Source/main.d" -c -o "Software Specification/Source/main.o" "../Software Specification/Source/main.c"
Finished building: ../Software Specification/Source/main.c
 
Building target: DigitL_Elevator.elf
Invoking: AVR C Linker
avr-gcc -Wl,-Map,DigitL_Elevator.map -mmcu=atmega16 -o "DigitL_Elevator.elf"  ./Software\ Specification/Source/main.o   
Finished building target: DigitL_Elevator.elf
 
Invoking: AVR Create Extended Listing
avr-objdump -h -S DigitL_Elevator.elf  >"DigitL_Elevator.lss"
Finished building: DigitL_Elevator.lss
 
Invoking: Print Size
avr-size --format=avr --mcu=atmega16 DigitL_Elevator.elf
AVR Memory Usage
----------------
Device: atmega16

Program:     130 bytes (0.8% Full)
(.text + .data + .bootloader)

Data:          0 bytes (0.0% Full)
(.data + .bss + .noinit)


Finished building: sizedummy
 

17:03:31 Build Finished (took 4s.634ms)

17:03:31 **** Incremental Build of configuration Debug for project DigitL_Elevator ****
make all 
Invoking: Print Size
avr-size --format=avr --mcu=atmega16 DigitL_Elevator.elf
AVR Memory Usage
----------------
Device: atmega16

Program:     130 bytes (0.8% Full)
(.text + .data + .bootloader)

Data:          0 bytes (0.0% Full)
(.data + .bss + .noinit)


Finished building: sizedummy
 
